e:\university files\term 2\intro to computer science and games programming\assignment\starterproject\starterproject\starterproject\debug\starterproject.pch
e:\university files\term 2\intro to computer science and games programming\assignment\starterproject\starterproject\starterproject\debug\vc140.pdb
e:\university files\term 2\intro to computer science and games programming\assignment\starterproject\starterproject\starterproject\debug\vc140.idb
e:\university files\term 2\intro to computer science and games programming\assignment\starterproject\starterproject\starterproject\debug\pch.obj
e:\university files\term 2\intro to computer science and games programming\assignment\starterproject\starterproject\starterproject\debug\ball.obj
e:\university files\term 2\intro to computer science and games programming\assignment\starterproject\starterproject\starterproject\debug\collisionbox.obj
e:\university files\term 2\intro to computer science and games programming\assignment\starterproject\starterproject\starterproject\debug\deviceresources.obj
e:\university files\term 2\intro to computer science and games programming\assignment\starterproject\starterproject\starterproject\debug\difficultymenu.obj
e:\university files\term 2\intro to computer science and games programming\assignment\starterproject\starterproject\starterproject\debug\dottedline.obj
e:\university files\term 2\intro to computer science and games programming\assignment\starterproject\starterproject\starterproject\debug\game.obj
e:\university files\term 2\intro to computer science and games programming\assignment\starterproject\starterproject\starterproject\debug\gameboard.obj
e:\university files\term 2\intro to computer science and games programming\assignment\starterproject\starterproject\starterproject\debug\gamecontroller.obj
e:\university files\term 2\intro to computer science and games programming\assignment\starterproject\starterproject\starterproject\debug\gameover.obj
e:\university files\term 2\intro to computer science and games programming\assignment\starterproject\starterproject\starterproject\debug\main.obj
e:\university files\term 2\intro to computer science and games programming\assignment\starterproject\starterproject\starterproject\debug\menu.obj
e:\university files\term 2\intro to computer science and games programming\assignment\starterproject\starterproject\starterproject\debug\playoptions.obj
e:\university files\term 2\intro to computer science and games programming\assignment\starterproject\starterproject\starterproject\debug\puck.obj
e:\university files\term 2\intro to computer science and games programming\assignment\starterproject\starterproject\starterproject\debug\score.obj
e:\university files\term 2\intro to computer science and games programming\assignment\starterproject\starterproject\starterproject\debug\spriteresources.obj
e:\university files\term 2\intro to computer science and games programming\assignment\starterproject\starterproject\starterproject\debug\textwriter.obj
e:\university files\term 2\intro to computer science and games programming\assignment\starterproject\starterproject\debug\starterproject.ilk
e:\university files\term 2\intro to computer science and games programming\assignment\starterproject\starterproject\debug\starterproject.exe
e:\university files\term 2\intro to computer science and games programming\assignment\starterproject\starterproject\debug\starterproject.pdb
e:\university files\term 2\intro to computer science and games programming\assignment\starterproject\starterproject\starterproject\debug\resource.res
e:\university files\term 2\intro to computer science and games programming\assignment\starterproject\starterproject\starterproject\debug\starterproject.exe.embed.manifest.res
e:\university files\term 2\intro to computer science and games programming\assignment\starterproject\starterproject\debug\starterproject.lib
e:\university files\term 2\intro to computer science and games programming\assignment\starterproject\starterproject\debug\starterproject.exp
e:\university files\term 2\intro to computer science and games programming\assignment\starterproject\starterproject\starterproject\debug\starterproject.exe.embed.manifest
e:\university files\term 2\intro to computer science and games programming\assignment\starterproject\starterproject\starterproject\debug\starterproject_manifest.rc
e:\university files\term 2\intro to computer science and games programming\assignment\starterproject\starterproject\starterproject\debug\starterproject.tlog\cl.command.1.tlog
e:\university files\term 2\intro to computer science and games programming\assignment\starterproject\starterproject\starterproject\debug\starterproject.tlog\cl.read.1.tlog
e:\university files\term 2\intro to computer science and games programming\assignment\starterproject\starterproject\starterproject\debug\starterproject.tlog\cl.write.1.tlog
e:\university files\term 2\intro to computer science and games programming\assignment\starterproject\starterproject\starterproject\debug\starterproject.tlog\link.command.1.tlog
e:\university files\term 2\intro to computer science and games programming\assignment\starterproject\starterproject\starterproject\debug\starterproject.tlog\link.read.1.tlog
e:\university files\term 2\intro to computer science and games programming\assignment\starterproject\starterproject\starterproject\debug\starterproject.tlog\link.write.1.tlog
e:\university files\term 2\intro to computer science and games programming\assignment\starterproject\starterproject\starterproject\debug\starterproject.tlog\rc.command.1.tlog
e:\university files\term 2\intro to computer science and games programming\assignment\starterproject\starterproject\starterproject\debug\starterproject.tlog\rc.read.1.tlog
e:\university files\term 2\intro to computer science and games programming\assignment\starterproject\starterproject\starterproject\debug\starterproject.tlog\rc.write.1.tlog
e:\university files\term 2\intro to computer science and games programming\assignment\starterproject\starterproject\starterproject\debug\starterproject.tlog\starterproject.write.1u.tlog
